<?xml version="1.0" encoding="UTF-8"?>
<testng-results skipped="0" failed="0" ignored="0" total="2" passed="2">
  <reporter-output>
  </reporter-output>
  <suite name="Google" duration-ms="17468" started-at="2017-07-12T13:14:14Z" finished-at="2017-07-12T13:14:31Z">
    <groups>
    </groups>
    <test name="tst_google_chrome" duration-ms="6917" started-at="2017-07-12T13:14:14Z" finished-at="2017-07-12T13:14:21Z">
      <class name="myproj.Google">
        <test-method status="PASS" signature="search(java.lang.String)[pri:0, instance:myproj.Google@101b7af]" name="search" duration-ms="6889" started-at="2017-07-12T18:44:14Z" finished-at="2017-07-12T18:44:21Z">
          <params>
            <param index="0">
              <value>
                <![CDATA[chrome]]>
              </value>
            </param>
          </params>
          <reporter-output>
          </reporter-output>
        </test-method> <!-- search -->
      </class> <!-- myproj.Google -->
    </test> <!-- tst_google_chrome -->
    <test name="tst_google_firefox" duration-ms="10526" started-at="2017-07-12T13:14:21Z" finished-at="2017-07-12T13:14:31Z">
      <class name="myproj.Google">
        <test-method status="PASS" signature="search(java.lang.String)[pri:0, instance:myproj.Google@194d431]" name="search" duration-ms="10524" started-at="2017-07-12T18:44:21Z" finished-at="2017-07-12T18:44:31Z">
          <params>
            <param index="0">
              <value>
                <![CDATA[firefox]]>
              </value>
            </param>
          </params>
          <reporter-output>
          </reporter-output>
        </test-method> <!-- search -->
      </class> <!-- myproj.Google -->
    </test> <!-- tst_google_firefox -->
  </suite> <!-- Google -->
</testng-results>
